<?xml version="1.0" encoding="utf-8" standalone="no"?>
<!--This file represents the results of running a test suite-->
<test-results name="D:\Project\IB_RealTime\IBTradeReal_Extract\IBTradeReal_Extract\src\IBTradeRealTime.Test\IBTradeRealTime.Test\bin\Debug\IBTradeRealTime.Test.exe" total="10" errors="0" failures="0" not-run="0" inconclusive="0" ignored="0" skipped="0" invalid="0" date="2017-10-10" time="08:14:39">
  <environment nunit-version="2.6.4.14350" clr-version="2.0.50727.8794" os-version="Microsoft Windows NT 6.2.9200.0" platform="Win32NT" cwd="C:\Program Files (x86)\NUnit 2.6.4\bin" machine-name="USER-PC" user="User" user-domain="User-PC" />
  <culture-info current-culture="en-US" current-uiculture="en-US" />
  <test-suite type="Assembly" name="D:\Project\IB_RealTime\IBTradeReal_Extract\IBTradeReal_Extract\src\IBTradeRealTime.Test\IBTradeRealTime.Test\bin\Debug\IBTradeRealTime.Test.exe" executed="True" result="Success" success="True" time="2.101" asserts="0">
    <results>
      <test-suite type="Namespace" name="IBTradeRealTime" executed="True" result="Success" success="True" time="2.095" asserts="0">
        <results>
          <test-suite type="Namespace" name="Position" executed="True" result="Success" success="True" time="0.024" asserts="0">
            <results>
              <test-suite type="TestFixture" name="PositionMetricsImplTest" executed="True" result="Success" success="True" time="0.023" asserts="0">
                <results>
                  <test-case name="IBTradeRealTime.Position.PositionMetricsImplTest.TestConstructor" executed="True" result="Success" success="True" time="0.018" asserts="16" />
                </results>
              </test-suite>
            </results>
          </test-suite>
          <test-suite type="Namespace" name="Test" executed="True" result="Success" success="True" time="2.064" asserts="0">
            <results>
              <test-suite type="Namespace" name="Position" executed="True" result="Success" success="True" time="2.064" asserts="0">
                <results>
                  <test-suite type="TestFixture" name="PositionMetricsCalculatorImplTest" executed="True" result="Success" success="True" time="0.026" asserts="0">
                    <results>
                      <test-case name="IBTradeRealTime.Test.Position.PositionMetricsCalculatorImplTest.TestCalculationAfterOneLongTrade" executed="True" result="Success" success="True" time="0.003" asserts="4" />
                      <test-case name="IBTradeRealTime.Test.Position.PositionMetricsCalculatorImplTest.TestCalculationAfterOneShortTrade" executed="True" result="Success" success="True" time="0.000" asserts="4" />
                      <test-case name="IBTradeRealTime.Test.Position.PositionMetricsCalculatorImplTest.TestCalculationAfterOpenClosePositionMultipleTimes" executed="True" result="Success" success="True" time="0.001" asserts="8" />
                      <test-case name="IBTradeRealTime.Test.Position.PositionMetricsCalculatorImplTest.TestCalculationAverageCostAfterTradesWithDifferentPrices" executed="True" result="Success" success="True" time="0.000" asserts="4" />
                      <test-case name="IBTradeRealTime.Test.Position.PositionMetricsCalculatorImplTest.TestCalculationClosePositionWithRemain" executed="True" result="Success" success="True" time="0.000" asserts="4" />
                      <test-case name="IBTradeRealTime.Test.Position.PositionMetricsCalculatorImplTest.TestNoTradesButWithLastPriceProvided" executed="True" result="Success" success="True" time="0.000" asserts="4" />
                    </results>
                  </test-suite>
                  <test-suite type="TestFixture" name="TestPositionRowUpdater" executed="True" result="Success" success="True" time="2.033" asserts="0">
                    <results>
                      <test-case name="IBTradeRealTime.Test.Position.TestPositionRowUpdater.TestUpdateAddNewTradesWithMultipleSymbol" executed="True" result="Success" success="True" time="0.002" asserts="16" />
                      <test-case name="IBTradeRealTime.Test.Position.TestPositionRowUpdater.TestUpdateLatestClosePrice" executed="True" result="Success" success="True" time="1.006" asserts="8" />
                      <test-case name="IBTradeRealTime.Test.Position.TestPositionRowUpdater.TestUpdateMultipleAccountsCommonSymbol" executed="True" result="Success" success="True" time="1.004" asserts="16" />
                    </results>
                  </test-suite>
                </results>
              </test-suite>
            </results>
          </test-suite>
        </results>
      </test-suite>
    </results>
  </test-suite>
</test-results>